<?xml version="1.0" encoding="UTF-8"?>
<!-- Generated by org.testng.reporters.JUnitReportReporter -->
<testsuite hostname="LAPTOP-MMHBCV99" name="Academy.validateTitle" tests="1" failures="0" timestamp="31 Aug 2021 17:13:46 GMT" time="0.097" errors="0">
  <testcase name="validateAppTitle" time="0.097" classname="Academy.validateTitle"/>
</testsuite> <!-- Academy.validateTitle -->
