<?xml version="1.0" encoding="UTF-8"?>
<!-- Generated by org.testng.reporters.JUnitReportReporter -->
<testsuite hostname="LAPTOP-MMHBCV99" name="Academy.HomePage" tests="2" failures="0" timestamp="31 Aug 2021 17:13:46 GMT" time="44.604" errors="0">
  <testcase name="basePageNavigation" time="39.606" classname="Academy.HomePage"/>
  <testcase name="basePageNavigation" time="4.998" classname="Academy.HomePage"/>
</testsuite> <!-- Academy.HomePage -->
